#
# An unexpected error has been detected by Java Runtime Environment:
#
#  EXCEPTION_ACCESS_VIOLATION (0xc0000005) at pc=0x7c81f989, pid=6104, tid=5636
#
# Java VM: Java HotSpot(TM) Client VM (10.0-b23 mixed mode, sharing windows-x86)
# Problematic frame:
# C  [kernel32.dll+0x1f989]
#
# If you would like to submit a bug report, please visit:
#   http://java.sun.com/webapps/bugreport/crash.jsp
# The crash happened outside the Java Virtual Machine in native code.
# See problematic frame for where to report the bug.
#

---------------  T H R E A D  ---------------

Current thread (0x00395800):  JavaThread "main" [_thread_in_native, id=5636, stack(0x003b0000,0x00400000)]

siginfo: ExceptionCode=0xc0000005, reading address 0x00000000

Registers:
EAX=0x003ff7e4, EBX=0x7c81f97a, ECX=0x00000001, EDX=0x00000000
ESP=0x003ff654, EBP=0x003ff7dc, ESI=0x00000000, EDI=0x003ff8b0
EIP=0x7c81f989, EFLAGS=0x00010202

Top of Stack: (sp=0x003ff654)
0x003ff654:   00000000 6a5f6e75 465f616e 74636e75
0x003ff664:   5f6e6f69 6f766e69 6e49656b 00000074
0x003ff674:   7c3416b8 00390000 00395550 00000024
0x003ff684:   00000000 6d7c1086 00008084 0001f604
0x003ff694:   00000006 003ff5f4 7c90e900 003ff6e8
0x003ff6a4:   7c90e900 7c910040 ffffffff 7c91003d
0x003ff6b4:   7c34218a 00390000 00000000 7c34218f
0x003ff6c4:   02de77f0 003958f4 10004d00 7c80ae80 

Instructions: (pc=0x7c81f989)
0x7c81f979:   90 8b ff 55 8b ec 81 ec 84 01 00 00 56 8b 75 08
0x7c81f989:   83 3e 40 0f 85 04 0c 02 00 53 57 6a 00 68 38 01 


Stack: [0x003b0000,0x00400000],  sp=0x003ff654,  free space=317k
Native frames: (J=compiled Java code, j=interpreted, Vv=VM code, C=native code)
C  [kernel32.dll+0x1f989]
C  [jna22181.dll+0xcbe7]
C  [jna22181.dll+0xc7d9]
C  [jna22181.dll+0x4561]
C  [jna22181.dll+0x4d2e]
v  ~BufferBlob::Interpreter
v  ~BufferBlob::Interpreter
v  ~BufferBlob::Interpreter
v  ~BufferBlob::Interpreter
v  ~BufferBlob::Interpreter
v  ~BufferBlob::Interpreter
v  ~BufferBlob::Interpreter
v  ~BufferBlob::Interpreter
v  ~BufferBlob::StubRoutines (1)

Java frames: (J=compiled Java code, j=interpreted, Vv=VM code)
v  ~BufferBlob::Interpreter
v  ~BufferBlob::Interpreter
v  ~BufferBlob::Interpreter
v  ~BufferBlob::Interpreter
v  ~BufferBlob::Interpreter
v  ~BufferBlob::Interpreter
v  ~BufferBlob::Interpreter
v  ~BufferBlob::Interpreter
v  ~BufferBlob::StubRoutines (1)

---------------  P R O C E S S  ---------------

Java Threads: ( => current thread )
  0x02a5dc00 JavaThread "Low Memory Detector" daemon [_thread_blocked, id=5868, stack(0x02d10000,0x02d60000)]
  0x02a58400 JavaThread "CompilerThread0" daemon [_thread_blocked, id=776, stack(0x02cc0000,0x02d10000)]
  0x02a57000 JavaThread "Attach Listener" daemon [_thread_blocked, id=228, stack(0x02c70000,0x02cc0000)]
  0x02a56000 JavaThread "Signal Dispatcher" daemon [_thread_blocked, id=3952, stack(0x02c20000,0x02c70000)]
  0x02a4e400 JavaThread "Finalizer" daemon [_thread_blocked, id=4004, stack(0x02bd0000,0x02c20000)]
  0x02a4d400 JavaThread "Reference Handler" daemon [_thread_blocked, id=1464, stack(0x02b80000,0x02bd0000)]
=>0x00395800 JavaThread "main" [_thread_in_native, id=5636, stack(0x003b0000,0x00400000)]

Other Threads:
  0x02a4c000 VMThread [stack: 0x02b30000,0x02b80000] [id=3488]
  0x02a67800 WatcherThread [stack: 0x02d60000,0x02db0000] [id=2356]

VM state:not at safepoint (normal execution)

VM Mutex/Monitor currently owned by a thread: None

Heap
 def new generation   total 960K, used 708K [0x22970000, 0x22a70000, 0x22e50000)
  eden space 896K,  71% used [0x22970000, 0x22a113f0, 0x22a50000)
  from space 64K,  99% used [0x22a50000, 0x22a5fff8, 0x22a60000)
  to   space 64K,   0% used [0x22a60000, 0x22a60000, 0x22a70000)
 tenured generation   total 4096K, used 196K [0x22e50000, 0x23250000, 0x26970000)
   the space 4096K,   4% used [0x22e50000, 0x22e81228, 0x22e81400, 0x23250000)
 compacting perm gen  total 12288K, used 687K [0x26970000, 0x27570000, 0x2a970000)
   the space 12288K,   5% used [0x26970000, 0x26a1be40, 0x26a1c000, 0x27570000)
    ro space 8192K,  62% used [0x2a970000, 0x2ae72ba0, 0x2ae72c00, 0x2b170000)
    rw space 12288K,  52% used [0x2b170000, 0x2b7b88e0, 0x2b7b8a00, 0x2bd70000)

Dynamic libraries:
0x00400000 - 0x00423000 	C:\Program Files\Java\jre1.6.0_07\bin\javaw.exe
0x7c900000 - 0x7c9af000 	C:\WINDOWS\system32\ntdll.dll
0x7c800000 - 0x7c8f6000 	C:\WINDOWS\system32\kernel32.dll
0x77dd0000 - 0x77e6b000 	C:\WINDOWS\system32\ADVAPI32.dll
0x77e70000 - 0x77f02000 	C:\WINDOWS\system32\RPCRT4.dll
0x77fe0000 - 0x77ff1000 	C:\WINDOWS\system32\Secur32.dll
0x7e410000 - 0x7e4a1000 	C:\WINDOWS\system32\USER32.dll
0x77f10000 - 0x77f59000 	C:\WINDOWS\system32\GDI32.dll
0x76390000 - 0x763ad000 	C:\WINDOWS\system32\IMM32.DLL
0x7c340000 - 0x7c396000 	C:\Program Files\Java\jre1.6.0_07\bin\msvcr71.dll
0x6d7c0000 - 0x6da10000 	C:\Program Files\Java\jre1.6.0_07\bin\client\jvm.dll
0x76b40000 - 0x76b6d000 	C:\WINDOWS\system32\WINMM.dll
0x6d270000 - 0x6d278000 	C:\Program Files\Java\jre1.6.0_07\bin\hpi.dll
0x76bf0000 - 0x76bfb000 	C:\WINDOWS\system32\PSAPI.DLL
0x6d770000 - 0x6d77c000 	C:\Program Files\Java\jre1.6.0_07\bin\verify.dll
0x6d310000 - 0x6d32f000 	C:\Program Files\Java\jre1.6.0_07\bin\java.dll
0x6d7b0000 - 0x6d7bf000 	C:\Program Files\Java\jre1.6.0_07\bin\zip.dll
0x10000000 - 0x10054000 	C:\Documents and Settings\JTraber\Local Settings\Temp\jna22181.dll
0x77c10000 - 0x77c68000 	C:\WINDOWS\system32\msvcrt.dll

VM Arguments:
jvm_args: -Dfile.encoding=Cp1252 
java_command: com.stabilit.environment.log.EnvLogFile C:\\stabilit\\projects\\EUREX\\SC\\dev\\eclipse_workspace\\envUtil\\log\\envLog.txt
Launcher Type: SUN_STANDARD

Environment Variables:
JAVA_HOME=C:\Program Files\Java\jdk1.6.0_07
CLASSPATH=.;C:\Program Files\Java\jre1.6.0_07\lib\ext\QTJava.zip
PATH=C:/Program Files/Java/jre1.6.0_07/bin/client;C:/Program Files/Java/jre1.6.0_07/bin;C:\WINDOWS\system32;C:\WINDOWS;C:\WINDOWS\System32\Wbem;C:\Program Files\ATI Technologies\ATI.ACE\Core-Static;C:\Program Files\TortoiseSVN\bin;C:\Program Files\QuickTime\QTSystem\
USERNAME=JTraber
OS=Windows_NT
PROCESSOR_IDENTIFIER=x86 Family 6 Model 23 Stepping 10, GenuineIntel



---------------  S Y S T E M  ---------------

OS: Windows XP Build 2600 Service Pack 3

CPU:total 4 (4 cores per cpu, 1 threads per core) family 6 model 7 stepping 10, cmov, cx8, fxsr, mmx, sse, sse2, sse3, ssse3

Memory: 4k page, physical 2097151k(1720356k free), swap 4194303k(3688340k free)

vm_info: Java HotSpot(TM) Client VM (10.0-b23) for windows-x86 JRE (1.6.0_07-b06), built on Jun 10 2008 01:14:11 by "java_re" with MS VC++ 7.1

time: Thu Dec 03 11:07:33 2009
elapsed time: 0 seconds

